Arguments: 
  /Users/federicoghedina/.nvm/versions/node/v12.16.1/bin/node /usr/local/Cellar/yarn/1.22.10/libexec/bin/yarn.js add worker-loader!.

PATH: 
  /var/folders/5h/m72f30dj2s3dq72v7dlfd5x00000gn/T/yarn--1611960758439-0.3411093506858307:/Users/federicoghedina/node/react-upload-web-worker/node_modules/.bin:/Users/federicoghedina/.config/yarn/link/node_modules/.bin:/Users/federicoghedina/.nvm/versions/node/v12.16.1/libexec/lib/node_modules/npm/bin/node-gyp-bin:/Users/federicoghedina/.nvm/versions/node/v12.16.1/lib/node_modules/npm/bin/node-gyp-bin:/Users/federicoghedina/.nvm/versions/node/v12.16.1/bin/node_modules/npm/bin/node-gyp-bin:/Users/federicoghedina/.nvm/versions/node/v12.16.1/bin:/usr/local/opt/mysql-client/bin:/Users/federicoghedina/Library/Android/sdk/build-tools/23.0.1:/Users/federicoghedina/Library/Android/sdk/platform-tools:/Users/federicoghedina/Library/Android/sdk/emulator:/Users/federicoghedina/Library/Android/sdk/tools:/Users/federicoghedina/Library/Android/sdk/platform-tools:/Users/federicoghedina/.nvm/versions/node/v6.11.2:/usr/local/sbin:/usr/local/php5/bin:/usr/local/mysql/bin:/usr/local/bin:/usr/local/bin:/usr/local/bin:/usr/bin:/bin:/usr/sbin:/sbin:/opt/X11/bin:/Applications/Wireshark.app/Contents/MacOS:/Users/federicoghedina/.nvm/versions/node/v12.16.1/bin:/usr/local/opt/mysql-client/bin:/Users/federicoghedina/Library/Android/sdk/build-tools/23.0.1:/Users/federicoghedina/Library/Android/sdk/platform-tools:/Users/federicoghedina/Library/Android/sdk/emulator:/Users/federicoghedina/Library/Android/sdk/tools:/Users/federicoghedina/.nvm/versions/node/v6.11.2:/usr/local/sbin:/usr/local/php5/bin:/usr/local/mysql/bin:/Users/federicoghedina/bin:/Applications/nwjs-sdk-v0.24.4-osx-x64/nwjs.app/Contents/MacOS:/usr/local/Cellar/kafka/1.0.0/bin:/usr/local/mongodb/bin:/Users/federicoghedina/bin:/Applications/nwjs-sdk-v0.24.4-osx-x64/nwjs.app/Contents/MacOS:/usr/local/Cellar/kafka/1.0.0/bin:/usr/local/mongodb/bin

Yarn version: 
  1.22.10

Node version: 
  12.16.1

Platform: 
  darwin x64

Trace: 
  Error: https://registry.yarnpkg.com/worker-loader!.: Not found
      at Request.params.callback [as _callback] (/usr/local/Cellar/yarn/1.22.10/libexec/lib/cli.js:66988:18)
      at Request.self.callback (/usr/local/Cellar/yarn/1.22.10/libexec/lib/cli.js:140749:22)
      at Request.emit (events.js:311:20)
      at Request.<anonymous> (/usr/local/Cellar/yarn/1.22.10/libexec/lib/cli.js:141721:10)
      at Request.emit (events.js:311:20)
      at IncomingMessage.<anonymous> (/usr/local/Cellar/yarn/1.22.10/libexec/lib/cli.js:141643:12)
      at Object.onceWrapper (events.js:417:28)
      at IncomingMessage.emit (events.js:323:22)
      at endReadableNT (_stream_readable.js:1204:12)
      at processTicksAndRejections (internal/process/task_queues.js:84:21)

npm manifest: 
  {
      "name": "react-upload-web-worker",
      "version": "0.0.1",
      "main": "index.js",
      "license": "MIT",
      "keywords": [
          "react upload web worker",
          "react upload webworker",
          "react upload worker",
          "upload web worker react",
          "web-worker",
          "web worker",
          "upload web worker"
      ],
      "scripts": {
          "dev": "malta source/dev.json"
      },
      "devDependencies": {
          "malta": "^4.1.28",
          "malta-parcel": "^0.0.2",
          "react": "^17.0.1",
          "react-dom": "^17.0.1"
      },
      "dependencies": {
          "@fedeghe/channeljs": "^1.2.7",
          "worker-loader": "^3.0.7"
      }
  }

yarn manifest: 
  No manifest

Lockfile: 
  # THIS IS AN AUTOGENERATED FILE. DO NOT EDIT THIS FILE DIRECTLY.
  # yarn lockfile v1
  
  
  "@fedeghe/channeljs@^1.2.7":
    version "1.2.7"
    resolved "https://registry.yarnpkg.com/@fedeghe/channeljs/-/channeljs-1.2.7.tgz#94d26b55808e0264891ee14e7c070f9ab19da1e9"
    integrity sha512-cHjxuJjshONN8Qd73zFpeEOOWLTA4eQLz5a8aIY+T8KpBKcmWLfanwvQj8HPJiWk2lMEAZXslK6NfbkjCr1/aw==
  
  "@types/json-schema@^7.0.6":
    version "7.0.7"
    resolved "https://registry.yarnpkg.com/@types/json-schema/-/json-schema-7.0.7.tgz#98a993516c859eb0d5c4c8f098317a9ea68db9ad"
    integrity sha512-cxWFQVseBm6O9Gbw1IWb8r6OS4OhSt3hPZLkFApLjM8TEXROBuQGLAH2i2gZpcXdLBIrpXuTDhH7Vbm1iXmNGA==
  
  ajv-keywords@^3.5.2:
    version "3.5.2"
    resolved "https://registry.yarnpkg.com/ajv-keywords/-/ajv-keywords-3.5.2.tgz#31f29da5ab6e00d1c2d329acf7b5929614d5014d"
    integrity sha512-5p6WTN0DdTGVQk6VjcEju19IgaHudalcfabD7yhDGeA6bcQnmL+CpveLJq/3hvfwd1aof6L386Ougkx6RfyMIQ==
  
  ajv@^6.12.5:
    version "6.12.6"
    resolved "https://registry.yarnpkg.com/ajv/-/ajv-6.12.6.tgz#baf5a62e802b07d977034586f8c3baf5adf26df4"
    integrity sha512-j3fVLgvTo527anyYyJOGTYJbG+vnnQYvE0m5mmkc1TK+nxAppkCLMIL0aZ4dblVCNoGShhm+kzE4ZUykBoMg4g==
    dependencies:
      fast-deep-equal "^3.1.1"
      fast-json-stable-stringify "^2.0.0"
      json-schema-traverse "^0.4.1"
      uri-js "^4.2.2"
  
  big.js@^5.2.2:
    version "5.2.2"
    resolved "https://registry.yarnpkg.com/big.js/-/big.js-5.2.2.tgz#65f0af382f578bcdc742bd9c281e9cb2d7768328"
    integrity sha512-vyL2OymJxmarO8gxMr0mhChsO9QGwhynfuu4+MHTAW6czfq9humCB7rKpUjDd9YUiDPU4mzpyupFSvOClAwbmQ==
  
  emojis-list@^3.0.0:
    version "3.0.0"
    resolved "https://registry.yarnpkg.com/emojis-list/-/emojis-list-3.0.0.tgz#5570662046ad29e2e916e71aae260abdff4f6a78"
    integrity sha512-/kyM18EfinwXZbno9FyUGeFh87KC8HRQBQGildHZbEuRyWFOmv1U10o9BBp8XVZDVNNuQKyIGIu5ZYAAXJ0V2Q==
  
  fast-deep-equal@^3.1.1:
    version "3.1.3"
    resolved "https://registry.yarnpkg.com/fast-deep-equal/-/fast-deep-equal-3.1.3.tgz#3a7d56b559d6cbc3eb512325244e619a65c6c525"
    integrity sha512-f3qQ9oQy9j2AhBe/H9VC91wLmKBCCU/gDOnKNAYG5hswO7BLKj09Hc5HYNz9cGI++xlpDCIgDaitVs03ATR84Q==
  
  fast-json-stable-stringify@^2.0.0:
    version "2.1.0"
    resolved "https://registry.yarnpkg.com/fast-json-stable-stringify/-/fast-json-stable-stringify-2.1.0.tgz#874bf69c6f404c2b5d99c481341399fd55892633"
    integrity sha512-lhd/wF+Lk98HZoTCtlVraHtfh5XYijIjalXck7saUtuanSDyLMxnHhSXEDJqHxD7msR8D0uCmqlkwjCV8xvwHw==
  
  "js-tokens@^3.0.0 || ^4.0.0":
    version "4.0.0"
    resolved "https://registry.yarnpkg.com/js-tokens/-/js-tokens-4.0.0.tgz#19203fb59991df98e3a287050d4647cdeaf32499"
    integrity sha512-RdJUflcE3cUzKiMqQgsCu06FPu9UdIJO0beYbPhHN4k6apgJtifcoCtT9bcxOpYBtpD2kCM6Sbzg4CausW/PKQ==
  
  json-schema-traverse@^0.4.1:
    version "0.4.1"
    resolved "https://registry.yarnpkg.com/json-schema-traverse/-/json-schema-traverse-0.4.1.tgz#69f6a87d9513ab8bb8fe63bdb0979c448e684660"
    integrity sha512-xbbCH5dCYU5T8LcEhhuh7HJ88HXuW3qsI3Y0zOZFKfZEHcpWiHU/Jxzk629Brsab/mMiHQti9wMP+845RPe3Vg==
  
  json5@^2.1.2:
    version "2.1.3"
    resolved "https://registry.yarnpkg.com/json5/-/json5-2.1.3.tgz#c9b0f7fa9233bfe5807fe66fcf3a5617ed597d43"
    integrity sha512-KXPvOm8K9IJKFM0bmdn8QXh7udDh1g/giieX0NLCaMnb4hEiVFqnop2ImTXCc5e0/oHz3LTqmHGtExn5hfMkOA==
    dependencies:
      minimist "^1.2.5"
  
  loader-utils@^2.0.0:
    version "2.0.0"
    resolved "https://registry.yarnpkg.com/loader-utils/-/loader-utils-2.0.0.tgz#e4cace5b816d425a166b5f097e10cd12b36064b0"
    integrity sha512-rP4F0h2RaWSvPEkD7BLDFQnvSf+nK+wr3ESUjNTyAGobqrijmW92zc+SO6d4p4B1wh7+B/Jg1mkQe5NYUEHtHQ==
    dependencies:
      big.js "^5.2.2"
      emojis-list "^3.0.0"
      json5 "^2.1.2"
  
  loose-envify@^1.1.0:
    version "1.4.0"
    resolved "https://registry.yarnpkg.com/loose-envify/-/loose-envify-1.4.0.tgz#71ee51fa7be4caec1a63839f7e682d8132d30caf"
    integrity sha512-lyuxPGr/Wfhrlem2CL/UcnUc1zcqKAImBDzukY7Y5F/yQiNdko6+fRLevlw1HgMySw7f611UIY408EtxRSoK3Q==
    dependencies:
      js-tokens "^3.0.0 || ^4.0.0"
  
  malta-parcel@^0.0.2:
    version "0.0.2"
    resolved "https://registry.yarnpkg.com/malta-parcel/-/malta-parcel-0.0.2.tgz#2f96d57c272621f510b846734fe5138e7fa6d5bb"
    integrity sha512-UOpmwFc2BADj/qAgF8LsY5+UXMNfWhmxagkXRGLOpRxc+SbzgMDG3yPm85309vbD7zeemiudDhDCYSNguLTYTw==
  
  malta@^4.1.28:
    version "4.1.28"
    resolved "https://registry.yarnpkg.com/malta/-/malta-4.1.28.tgz#8256257d107bf482184b3d1aa5298c84764b9497"
    integrity sha512-WS2KL+KTPZxjipARQ6tgMJKuO4LPFNzZjJd9s5Ga9GJ6EEvVVZIZcyZf5WNIe8ammSMcxwSPwut2ywpki66bvQ==
  
  minimist@^1.2.5:
    version "1.2.5"
    resolved "https://registry.yarnpkg.com/minimist/-/minimist-1.2.5.tgz#67d66014b66a6a8aaa0c083c5fd58df4e4e97602"
    integrity sha512-FM9nNUYrRBAELZQT3xeZQ7fmMOBg6nWNmJKTcgsJeaLstP/UODVpGsr5OhXhhXg6f+qtJ8uiZ+PUxkDWcgIXLw==
  
  object-assign@^4.1.1:
    version "4.1.1"
    resolved "https://registry.yarnpkg.com/object-assign/-/object-assign-4.1.1.tgz#2109adc7965887cfc05cbbd442cac8bfbb360863"
    integrity sha1-IQmtx5ZYh8/AXLvUQsrIv7s2CGM=
  
  punycode@^2.1.0:
    version "2.1.1"
    resolved "https://registry.yarnpkg.com/punycode/-/punycode-2.1.1.tgz#b58b010ac40c22c5657616c8d2c2c02c7bf479ec"
    integrity sha512-XRsRjdf+j5ml+y/6GKHPZbrF/8p2Yga0JPtdqTIY2Xe5ohJPD9saDJJLPvp9+NSBprVvevdXZybnj2cv8OEd0A==
  
  react-dom@^17.0.1:
    version "17.0.1"
    resolved "https://registry.yarnpkg.com/react-dom/-/react-dom-17.0.1.tgz#1de2560474ec9f0e334285662ede52dbc5426fc6"
    integrity sha512-6eV150oJZ9U2t9svnsspTMrWNyHc6chX0KzDeAOXftRa8bNeOKTTfCJ7KorIwenkHd2xqVTBTCZd79yk/lx/Ug==
    dependencies:
      loose-envify "^1.1.0"
      object-assign "^4.1.1"
      scheduler "^0.20.1"
  
  react@^17.0.1:
    version "17.0.1"
    resolved "https://registry.yarnpkg.com/react/-/react-17.0.1.tgz#6e0600416bd57574e3f86d92edba3d9008726127"
    integrity sha512-lG9c9UuMHdcAexXtigOZLX8exLWkW0Ku29qPRU8uhF2R9BN96dLCt0psvzPLlHc5OWkgymP3qwTRgbnw5BKx3w==
    dependencies:
      loose-envify "^1.1.0"
      object-assign "^4.1.1"
  
  scheduler@^0.20.1:
    version "0.20.1"
    resolved "https://registry.yarnpkg.com/scheduler/-/scheduler-0.20.1.tgz#da0b907e24026b01181ecbc75efdc7f27b5a000c"
    integrity sha512-LKTe+2xNJBNxu/QhHvDR14wUXHRQbVY5ZOYpOGWRzhydZUqrLb2JBvLPY7cAqFmqrWuDED0Mjk7013SZiOz6Bw==
    dependencies:
      loose-envify "^1.1.0"
      object-assign "^4.1.1"
  
  schema-utils@^3.0.0:
    version "3.0.0"
    resolved "https://registry.yarnpkg.com/schema-utils/-/schema-utils-3.0.0.tgz#67502f6aa2b66a2d4032b4279a2944978a0913ef"
    integrity sha512-6D82/xSzO094ajanoOSbe4YvXWMfn2A//8Y1+MUqFAJul5Bs+yn36xbK9OtNDcRVSBJ9jjeoXftM6CfztsjOAA==
    dependencies:
      "@types/json-schema" "^7.0.6"
      ajv "^6.12.5"
      ajv-keywords "^3.5.2"
  
  uri-js@^4.2.2:
    version "4.4.1"
    resolved "https://registry.yarnpkg.com/uri-js/-/uri-js-4.4.1.tgz#9b1a52595225859e55f669d928f88c6c57f2a77e"
    integrity sha512-7rKUyy33Q1yc98pQ1DAmLtwX109F7TIfWlW1Ydo8Wl1ii1SeHieeh0HHfPeL2fMXK6z0s8ecKs9frCuLJvndBg==
    dependencies:
      punycode "^2.1.0"
  
  worker-loader@^3.0.7:
    version "3.0.7"
    resolved "https://registry.yarnpkg.com/worker-loader/-/worker-loader-3.0.7.tgz#9cf2122a9a781d6742cb873c58c3769591b31988"
    integrity sha512-LjYLuYJw6kqQKDoygpoD5vWeR1CbZjuVSW3/8pFsptMlUl8gatNM/pszhasSDAWt+dYxMipWB6695k+1zId+iQ==
    dependencies:
      loader-utils "^2.0.0"
      schema-utils "^3.0.0"
